CSV File Check Log - 2025-06-06 17:30:31
Found 7 files to check

================================================================================
Checking file: I:\北京市出租车GPS数据\2019.11.25.csv
================================================================================

First row:
  company: QH
  phone: 8617292023492
  plate: 京NJ17S7
  timestamp: 2019-11-24 23:59:13
  longitude: 116.30533
  latitude: 39.81054
  speed: 0
  direction: 0
  status: 0
  angle: 0
  status_code: N

================================================================================
Checking file: I:\北京市出租车GPS数据\2019.11.26.csv
================================================================================

First row:
  company: QH
  phone: 8617292023444
  plate: 京BT5941
  timestamp: 2019-11-25 23:59:59
  longitude: 116.40321
  latitude: 39.86866
  speed: 0
  direction: 0
  status: 0
  angle: 234
  status_code: CZ

================================================================================
Checking file: I:\北京市出租车GPS数据\2019.11.27.csv
================================================================================

First row:
  company: QH
  phone: 8617292601192
  plate: 京B5Y377
  timestamp: 2019-11-26 23:59:58
  longitude: 116.60216
  latitude: 40.25988
  speed: 0
  direction: 0
  status: 0
  angle: 141
  status_code: N

================================================================================
Checking file: I:\北京市出租车GPS数据\2019.11.28.csv
================================================================================

First row:
  company: QH
  phone: 8617292035515
  plate: 京BN6903
  timestamp: 2019-11-27 23:59:58
  longitude: 116.74762
  latitude: 39.91933
  speed: 0
  direction: 0
  status: 0
  angle: 84
  status_code: CZ

================================================================================
Checking file: I:\北京市出租车GPS数据\2019.11.29.csv
================================================================================

First row:
  company: ZHTC
  phone: 658455565757
  plate: 京BU6788
  timestamp: 2019-11-28 23:59:58
  longitude: 116.280707
  latitude: 40.04155
  speed: 46
  direction: 1
  status: 1
  angle: 350
  status_code: N

================================================================================
Checking file: I:\北京市出租车GPS数据\2019.11.30.csv
================================================================================

First row:
  company: JYJ
  phone: 13311403570
  plate: 京BT7173
  timestamp: 2019-11-29 23:59:51
  longitude: 116.4831550
  latitude: 39.8708717
  speed: 49
  direction: 1
  status: 1
  angle: 6
  status_code: N

================================================================================
Checking file: I:\北京市出租车GPS数据\2019.12.01.csv
================================================================================

First row:
  company: QH
  phone: 8617292602351
  plate: 京BZ6341
  timestamp: 2019-11-30 23:59:58
  longitude: 116.26985
  latitude: 40.10898
  speed: 0
  direction: 0
  status: 0
  angle: 198
  status_code: N
